time="2025-09-17T22:32:01-04:00" level=debug msg="OpenShift Installer 4.18.24"
time="2025-09-17T22:32:01-04:00" level=debug msg="Built from commit 3e0a54b541dcb98b09f4fe5388d873ec4986807e"
time="2025-09-17T22:32:01-04:00" level=debug msg="Fetching Kubeconfig Admin Client..."
time="2025-09-17T22:32:01-04:00" level=debug msg="Loading Kubeconfig Admin Client..."
time="2025-09-17T22:32:01-04:00" level=debug msg="  Loading Certificate (admin-kubeconfig-client)..."
time="2025-09-17T22:32:01-04:00" level=debug msg="    Loading Certificate (admin-kubeconfig-signer)..."
time="2025-09-17T22:32:01-04:00" level=debug msg="  Loading Certificate (kube-apiserver-complete-server-ca-bundle)..."
time="2025-09-17T22:32:01-04:00" level=debug msg="    Loading Certificate (kube-apiserver-localhost-ca-bundle)..."
time="2025-09-17T22:32:01-04:00" level=debug msg="      Loading Certificate (kube-apiserver-localhost-signer)..."
time="2025-09-17T22:32:01-04:00" level=debug msg="    Loading Certificate (kube-apiserver-service-network-ca-bundle)..."
time="2025-09-17T22:32:01-04:00" level=debug msg="      Loading Certificate (kube-apiserver-service-network-signer)..."
time="2025-09-17T22:32:01-04:00" level=debug msg="    Loading Certificate (kube-apiserver-lb-ca-bundle)..."
time="2025-09-17T22:32:01-04:00" level=debug msg="      Loading Certificate (kube-apiserver-lb-signer)..."
time="2025-09-17T22:32:01-04:00" level=debug msg="  Loading Install Config..."
time="2025-09-17T22:32:01-04:00" level=debug msg="    Loading SSH Key..."
time="2025-09-17T22:32:01-04:00" level=debug msg="    Loading Base Domain..."
time="2025-09-17T22:32:01-04:00" level=debug msg="      Loading Platform..."
time="2025-09-17T22:32:01-04:00" level=debug msg="    Loading Cluster Name..."
time="2025-09-17T22:32:01-04:00" level=debug msg="      Loading Base Domain..."
time="2025-09-17T22:32:01-04:00" level=debug msg="      Loading Platform..."
time="2025-09-17T22:32:01-04:00" level=debug msg="    Loading Pull Secret..."
time="2025-09-17T22:32:01-04:00" level=debug msg="    Loading Platform..."
time="2025-09-17T22:32:01-04:00" level=debug msg="  Using Install Config loaded from target directory"
time="2025-09-17T22:32:01-04:00" level=debug msg="  Fetching Certificate (admin-kubeconfig-client)..."
time="2025-09-17T22:32:01-04:00" level=debug msg="    Fetching Certificate (admin-kubeconfig-signer)..."
time="2025-09-17T22:32:01-04:00" level=debug msg="    Generating Certificate (admin-kubeconfig-signer)..."
time="2025-09-17T22:32:01-04:00" level=debug msg="  Generating Certificate (admin-kubeconfig-client)..."
time="2025-09-17T22:32:02-04:00" level=debug msg="  Fetching Certificate (kube-apiserver-complete-server-ca-bundle)..."
time="2025-09-17T22:32:02-04:00" level=debug msg="    Fetching Certificate (kube-apiserver-localhost-ca-bundle)..."
time="2025-09-17T22:32:02-04:00" level=debug msg="      Fetching Certificate (kube-apiserver-localhost-signer)..."
time="2025-09-17T22:32:02-04:00" level=debug msg="      Generating Certificate (kube-apiserver-localhost-signer)..."
time="2025-09-17T22:32:02-04:00" level=debug msg="    Generating Certificate (kube-apiserver-localhost-ca-bundle)..."
time="2025-09-17T22:32:02-04:00" level=debug msg="    Fetching Certificate (kube-apiserver-service-network-ca-bundle)..."
time="2025-09-17T22:32:02-04:00" level=debug msg="      Fetching Certificate (kube-apiserver-service-network-signer)..."
time="2025-09-17T22:32:02-04:00" level=debug msg="      Generating Certificate (kube-apiserver-service-network-signer)..."
time="2025-09-17T22:32:02-04:00" level=debug msg="    Generating Certificate (kube-apiserver-service-network-ca-bundle)..."
time="2025-09-17T22:32:02-04:00" level=debug msg="    Fetching Certificate (kube-apiserver-lb-ca-bundle)..."
time="2025-09-17T22:32:02-04:00" level=debug msg="      Fetching Certificate (kube-apiserver-lb-signer)..."
time="2025-09-17T22:32:02-04:00" level=debug msg="      Generating Certificate (kube-apiserver-lb-signer)..."
time="2025-09-17T22:32:02-04:00" level=debug msg="    Generating Certificate (kube-apiserver-lb-ca-bundle)..."
time="2025-09-17T22:32:02-04:00" level=debug msg="  Generating Certificate (kube-apiserver-complete-server-ca-bundle)..."
time="2025-09-17T22:32:02-04:00" level=debug msg="  Fetching Install Config..."
time="2025-09-17T22:32:02-04:00" level=debug msg="  Reusing previously-fetched Install Config"
time="2025-09-17T22:32:02-04:00" level=debug msg="Generating Kubeconfig Admin Client..."
time="2025-09-17T22:32:02-04:00" level=info msg="Consuming Install Config from target directory"
time="2025-09-17T22:32:02-04:00" level=debug msg="Purging asset \"Install Config\" from disk"
time="2025-09-17T22:32:02-04:00" level=debug msg="Fetching Kubeadmin Password..."
time="2025-09-17T22:32:02-04:00" level=debug msg="Loading Kubeadmin Password..."
time="2025-09-17T22:32:02-04:00" level=debug msg="Generating Kubeadmin Password..."
time="2025-09-17T22:32:02-04:00" level=debug msg="Fetching Master Ignition Config..."
time="2025-09-17T22:32:02-04:00" level=debug msg="Loading Master Ignition Config..."
time="2025-09-17T22:32:02-04:00" level=debug msg="  Loading Install Config..."
time="2025-09-17T22:32:02-04:00" level=debug msg="  Loading Machine Config Server Root CA..."
time="2025-09-17T22:32:02-04:00" level=debug msg="  Fetching Install Config..."
time="2025-09-17T22:32:02-04:00" level=debug msg="  Reusing previously-fetched Install Config"
time="2025-09-17T22:32:02-04:00" level=debug msg="  Fetching Machine Config Server Root CA..."
time="2025-09-17T22:32:02-04:00" level=debug msg="  Generating Machine Config Server Root CA..."
time="2025-09-17T22:32:03-04:00" level=debug msg="Generating Master Ignition Config..."
time="2025-09-17T22:32:03-04:00" level=debug msg="Fetching Worker Ignition Config..."
time="2025-09-17T22:32:03-04:00" level=debug msg="Loading Worker Ignition Config..."
time="2025-09-17T22:32:03-04:00" level=debug msg="  Loading Install Config..."
time="2025-09-17T22:32:03-04:00" level=debug msg="  Loading Machine Config Server Root CA..."
time="2025-09-17T22:32:03-04:00" level=debug msg="  Fetching Install Config..."
time="2025-09-17T22:32:03-04:00" level=debug msg="  Reusing previously-fetched Install Config"
time="2025-09-17T22:32:03-04:00" level=debug msg="  Fetching Machine Config Server Root CA..."
time="2025-09-17T22:32:03-04:00" level=debug msg="  Reusing previously-fetched Machine Config Server Root CA"
time="2025-09-17T22:32:03-04:00" level=debug msg="Generating Worker Ignition Config..."
time="2025-09-17T22:32:03-04:00" level=debug msg="Fetching Bootstrap Ignition Config..."
time="2025-09-17T22:32:03-04:00" level=debug msg="Loading Bootstrap Ignition Config..."
time="2025-09-17T22:32:03-04:00" level=debug msg="  Loading Ironic bootstrap credentials..."
time="2025-09-17T22:32:03-04:00" level=debug msg="  Loading CVO Ignore..."
time="2025-09-17T22:32:03-04:00" level=debug msg="    Loading Common Manifests..."
time="2025-09-17T22:32:03-04:00" level=debug msg="      Loading Cluster ID..."
time="2025-09-17T22:32:03-04:00" level=debug msg="        Loading Install Config..."
time="2025-09-17T22:32:03-04:00" level=debug msg="      Loading Install Config..."
time="2025-09-17T22:32:03-04:00" level=debug msg="      Loading Ingress Config..."
time="2025-09-17T22:32:03-04:00" level=debug msg="        Loading Install Config..."
time="2025-09-17T22:32:03-04:00" level=debug msg="      Loading DNS Config..."
time="2025-09-17T22:32:03-04:00" level=debug msg="        Loading Install Config..."
time="2025-09-17T22:32:03-04:00" level=debug msg="        Loading Cluster ID..."
time="2025-09-17T22:32:03-04:00" level=debug msg="        Loading Platform Credentials Check..."
time="2025-09-17T22:32:03-04:00" level=debug msg="          Loading Install Config..."
time="2025-09-17T22:32:03-04:00" level=debug msg="      Loading Infrastructure Config..."
time="2025-09-17T22:32:03-04:00" level=debug msg="        Loading Cluster ID..."
time="2025-09-17T22:32:03-04:00" level=debug msg="        Loading Install Config..."
time="2025-09-17T22:32:03-04:00" level=debug msg="        Loading Cloud Provider Config..."
time="2025-09-17T22:32:03-04:00" level=debug msg="          Loading Install Config..."
time="2025-09-17T22:32:03-04:00" level=debug msg="          Loading Cluster ID..."
time="2025-09-17T22:32:03-04:00" level=debug msg="          Loading Platform Credentials Check..."
time="2025-09-17T22:32:03-04:00" level=debug msg="        Loading Additional Trust Bundle Config..."
time="2025-09-17T22:32:03-04:00" level=debug msg="          Loading Install Config..."
time="2025-09-17T22:32:03-04:00" level=debug msg="      Loading Network Config..."
time="2025-09-17T22:32:03-04:00" level=debug msg="        Loading Install Config..."
time="2025-09-17T22:32:03-04:00" level=debug msg="      Loading Proxy Config..."
time="2025-09-17T22:32:03-04:00" level=debug msg="        Loading Install Config..."
time="2025-09-17T22:32:03-04:00" level=debug msg="        Loading Network Config..."
time="2025-09-17T22:32:03-04:00" level=debug msg="      Loading Scheduler Config..."
time="2025-09-17T22:32:03-04:00" level=debug msg="        Loading Install Config..."
time="2025-09-17T22:32:03-04:00" level=debug msg="      Loading Image Content Source Policy..."
time="2025-09-17T22:32:03-04:00" level=debug msg="        Loading Install Config..."
time="2025-09-17T22:32:03-04:00" level=debug msg="      Loading Cluster CSI Driver Config..."
time="2025-09-17T22:32:03-04:00" level=debug msg="        Loading Install Config..."
time="2025-09-17T22:32:03-04:00" level=debug msg="        Loading Cluster ID..."
time="2025-09-17T22:32:03-04:00" level=debug msg="      Loading Image Digest Mirror Set..."
time="2025-09-17T22:32:03-04:00" level=debug msg="        Loading Install Config..."
time="2025-09-17T22:32:03-04:00" level=debug msg="      Loading Machine Config Server Root CA..."
time="2025-09-17T22:32:03-04:00" level=debug msg="      Loading Certificate (mcs)..."
time="2025-09-17T22:32:03-04:00" level=debug msg="        Loading Machine Config Server Root CA..."
time="2025-09-17T22:32:03-04:00" level=debug msg="        Loading Install Config..."
time="2025-09-17T22:32:03-04:00" level=debug msg="      Loading CVOOverrides..."
time="2025-09-17T22:32:03-04:00" level=debug msg="      Loading KubeCloudConfig..."
time="2025-09-17T22:32:03-04:00" level=debug msg="      Loading KubeSystemConfigmapRootCA..."
time="2025-09-17T22:32:03-04:00" level=debug msg="      Loading MachineConfigServerTLSSecret..."
time="2025-09-17T22:32:03-04:00" level=debug msg="      Loading OpenshiftConfigSecretPullSecret..."
time="2025-09-17T22:32:03-04:00" level=debug msg="    Loading Openshift Manifests..."
time="2025-09-17T22:32:03-04:00" level=debug msg="      Loading Install Config..."
time="2025-09-17T22:32:03-04:00" level=debug msg="      Loading Cluster ID..."
time="2025-09-17T22:32:03-04:00" level=debug msg="      Loading Kubeadmin Password..."
time="2025-09-17T22:32:03-04:00" level=debug msg="      Loading OpenShift Install (Manifests)..."
time="2025-09-17T22:32:03-04:00" level=debug msg="      Loading Feature Gate Config..."
time="2025-09-17T22:32:03-04:00" level=debug msg="        Loading Install Config..."
time="2025-09-17T22:32:03-04:00" level=debug msg="      Loading CloudCredsSecret..."
time="2025-09-17T22:32:03-04:00" level=debug msg="      Loading KubeadminPasswordSecret..."
time="2025-09-17T22:32:03-04:00" level=debug msg="      Loading RoleCloudCredsSecretReader..."
time="2025-09-17T22:32:03-04:00" level=debug msg="      Loading Baremetal Config CR..."
time="2025-09-17T22:32:03-04:00" level=debug msg="      Loading Image..."
time="2025-09-17T22:32:03-04:00" level=debug msg="        Loading Install Config..."
time="2025-09-17T22:32:03-04:00" level=debug msg="      Loading AzureCloudProviderSecret..."
time="2025-09-17T22:32:03-04:00" level=debug msg="  Loading Install Config..."
time="2025-09-17T22:32:03-04:00" level=debug msg="  Loading Cluster ID..."
time="2025-09-17T22:32:03-04:00" level=debug msg="  Loading Kubeconfig Admin Internal Client..."
time="2025-09-17T22:32:03-04:00" level=debug msg="    Loading Certificate (admin-kubeconfig-client)..."
time="2025-09-17T22:32:03-04:00" level=debug msg="    Loading Certificate (kube-apiserver-complete-server-ca-bundle)..."
time="2025-09-17T22:32:03-04:00" level=debug msg="    Loading Install Config..."
time="2025-09-17T22:32:03-04:00" level=debug msg="  Loading Kubeconfig Kubelet..."
time="2025-09-17T22:32:03-04:00" level=debug msg="    Loading Certificate (kube-apiserver-complete-server-ca-bundle)..."
time="2025-09-17T22:32:03-04:00" level=debug msg="    Loading Certificate (kubelet-client)..."
time="2025-09-17T22:32:03-04:00" level=debug msg="      Loading Certificate (kubelet-bootstrap-kubeconfig-signer)..."
time="2025-09-17T22:32:03-04:00" level=debug msg="    Loading Install Config..."
time="2025-09-17T22:32:03-04:00" level=debug msg="  Loading Kubeconfig Admin Client (Loopback)..."
time="2025-09-17T22:32:03-04:00" level=debug msg="    Loading Certificate (admin-kubeconfig-client)..."
time="2025-09-17T22:32:03-04:00" level=debug msg="    Loading Certificate (kube-apiserver-localhost-ca-bundle)..."
time="2025-09-17T22:32:03-04:00" level=debug msg="    Loading Install Config..."
time="2025-09-17T22:32:03-04:00" level=debug msg="  Loading Master Ignition Customization Check..."
time="2025-09-17T22:32:03-04:00" level=debug msg="    Loading Install Config..."
time="2025-09-17T22:32:03-04:00" level=debug msg="    Loading Machine Config Server Root CA..."
time="2025-09-17T22:32:03-04:00" level=debug msg="    Loading Master Ignition Config..."
time="2025-09-17T22:32:03-04:00" level=debug msg="  Loading Worker Ignition Customization Check..."
time="2025-09-17T22:32:03-04:00" level=debug msg="    Loading Install Config..."
time="2025-09-17T22:32:03-04:00" level=debug msg="    Loading Machine Config Server Root CA..."
time="2025-09-17T22:32:03-04:00" level=debug msg="    Loading Worker Ignition Config..."
time="2025-09-17T22:32:03-04:00" level=debug msg="  Loading Master Machines..."
time="2025-09-17T22:32:03-04:00" level=debug msg="    Loading Cluster ID..."
time="2025-09-17T22:32:03-04:00" level=debug msg="    Loading Platform Credentials Check..."
time="2025-09-17T22:32:03-04:00" level=debug msg="    Loading Install Config..."
time="2025-09-17T22:32:03-04:00" level=debug msg="    Loading Image..."
time="2025-09-17T22:32:03-04:00" level=debug msg="    Loading Master Ignition Config..."
time="2025-09-17T22:32:03-04:00" level=debug msg="  Loading Worker Machines..."
time="2025-09-17T22:32:03-04:00" level=debug msg="    Loading Cluster ID..."
time="2025-09-17T22:32:03-04:00" level=debug msg="    Loading Platform Credentials Check..."
time="2025-09-17T22:32:03-04:00" level=debug msg="    Loading Install Config..."
time="2025-09-17T22:32:03-04:00" level=debug msg="    Loading Image..."
time="2025-09-17T22:32:03-04:00" level=debug msg="    Loading Release..."
time="2025-09-17T22:32:03-04:00" level=debug msg="      Loading Install Config..."
time="2025-09-17T22:32:03-04:00" level=debug msg="    Loading Worker Ignition Config..."
time="2025-09-17T22:32:03-04:00" level=debug msg="  Loading Common Manifests..."
time="2025-09-17T22:32:03-04:00" level=debug msg="  Loading Openshift Manifests..."
time="2025-09-17T22:32:03-04:00" level=debug msg="  Loading Proxy Config..."
time="2025-09-17T22:32:03-04:00" level=debug msg="  Loading Certificate (admin-kubeconfig-ca-bundle)..."
time="2025-09-17T22:32:03-04:00" level=debug msg="    Loading Certificate (admin-kubeconfig-signer)..."
time="2025-09-17T22:32:03-04:00" level=debug msg="  Loading Certificate (aggregator)..."
time="2025-09-17T22:32:03-04:00" level=debug msg="  Loading Certificate (aggregator-ca-bundle)..."
time="2025-09-17T22:32:03-04:00" level=debug msg="    Loading Certificate (aggregator-signer)..."
time="2025-09-17T22:32:03-04:00" level=debug msg="  Loading Certificate (system:kube-apiserver-proxy)..."
time="2025-09-17T22:32:03-04:00" level=debug msg="    Loading Certificate (aggregator-signer)..."
time="2025-09-17T22:32:03-04:00" level=debug msg="  Loading Certificate (aggregator-signer)..."
time="2025-09-17T22:32:03-04:00" level=debug msg="  Loading Certificate (system:kube-apiserver-proxy)..."
time="2025-09-17T22:32:03-04:00" level=debug msg="    Loading Certificate (aggregator)..."
time="2025-09-17T22:32:03-04:00" level=debug msg="  Loading Bootstrap SSH Key Pair..."
time="2025-09-17T22:32:03-04:00" level=debug msg="  Loading User-provided Service Account Signing key..."
time="2025-09-17T22:32:03-04:00" level=debug msg="  Loading Cloud Provider CA Bundle..."
time="2025-09-17T22:32:03-04:00" level=debug msg="    Loading Install Config..."
time="2025-09-17T22:32:03-04:00" level=debug msg="  Loading Certificate (journal-gatewayd)..."
time="2025-09-17T22:32:03-04:00" level=debug msg="    Loading Machine Config Server Root CA..."
time="2025-09-17T22:32:03-04:00" level=debug msg="  Loading Certificate (kube-apiserver-lb-ca-bundle)..."
time="2025-09-17T22:32:03-04:00" level=debug msg="  Loading Certificate (kube-apiserver-external-lb-server)..."
time="2025-09-17T22:32:03-04:00" level=debug msg="    Loading Certificate (kube-apiserver-lb-signer)..."
time="2025-09-17T22:32:03-04:00" level=debug msg="    Loading Install Config..."
time="2025-09-17T22:32:03-04:00" level=debug msg="  Loading Certificate (kube-apiserver-internal-lb-server)..."
time="2025-09-17T22:32:03-04:00" level=debug msg="    Loading Certificate (kube-apiserver-lb-signer)..."
time="2025-09-17T22:32:03-04:00" level=debug msg="    Loading Install Config..."
time="2025-09-17T22:32:03-04:00" level=debug msg="  Loading Certificate (kube-apiserver-lb-signer)..."
time="2025-09-17T22:32:03-04:00" level=debug msg="  Loading Certificate (kube-apiserver-localhost-ca-bundle)..."
time="2025-09-17T22:32:03-04:00" level=debug msg="  Loading Certificate (kube-apiserver-localhost-server)..."
time="2025-09-17T22:32:03-04:00" level=debug msg="    Loading Certificate (kube-apiserver-localhost-signer)..."
time="2025-09-17T22:32:03-04:00" level=debug msg="  Loading Certificate (kube-apiserver-localhost-signer)..."
time="2025-09-17T22:32:03-04:00" level=debug msg="  Loading Certificate (kube-apiserver-service-network-ca-bundle)..."
time="2025-09-17T22:32:03-04:00" level=debug msg="  Loading Certificate (kube-apiserver-service-network-server)..."
time="2025-09-17T22:32:03-04:00" level=debug msg="    Loading Certificate (kube-apiserver-service-network-signer)..."
time="2025-09-17T22:32:03-04:00" level=debug msg="    Loading Install Config..."
time="2025-09-17T22:32:03-04:00" level=debug msg="  Loading Certificate (kube-apiserver-service-network-signer)..."
time="2025-09-17T22:32:03-04:00" level=debug msg="  Loading Certificate (kube-apiserver-complete-server-ca-bundle)..."
time="2025-09-17T22:32:03-04:00" level=debug msg="  Loading Certificate (kube-apiserver-complete-client-ca-bundle)..."
time="2025-09-17T22:32:03-04:00" level=debug msg="    Loading Certificate (admin-kubeconfig-ca-bundle)..."
time="2025-09-17T22:32:03-04:00" level=debug msg="    Loading Certificate (kubelet-client-ca-bundle)..."
time="2025-09-17T22:32:03-04:00" level=debug msg="      Loading Certificate (kubelet-signer)..."
time="2025-09-17T22:32:03-04:00" level=debug msg="    Loading Certificate (kube-control-plane-ca-bundle)..."
time="2025-09-17T22:32:03-04:00" level=debug msg="      Loading Certificate (kube-control-plane-signer)..."
time="2025-09-17T22:32:03-04:00" level=debug msg="      Loading Certificate (kube-apiserver-lb-signer)..."
time="2025-09-17T22:32:03-04:00" level=debug msg="      Loading Certificate (kube-apiserver-localhost-signer)..."
time="2025-09-17T22:32:03-04:00" level=debug msg="      Loading Certificate (kube-apiserver-service-network-signer)..."
time="2025-09-17T22:32:03-04:00" level=debug msg="    Loading Certificate (kube-apiserver-to-kubelet-ca-bundle)..."
time="2025-09-17T22:32:03-04:00" level=debug msg="      Loading Certificate (kube-apiserver-to-kubelet-signer)..."
time="2025-09-17T22:32:03-04:00" level=debug msg="    Loading Certificate (kubelet-bootstrap-kubeconfig-ca-bundle)..."
time="2025-09-17T22:32:03-04:00" level=debug msg="      Loading Certificate (kubelet-bootstrap-kubeconfig-signer)..."
time="2025-09-17T22:32:03-04:00" level=debug msg="  Loading Certificate (kube-apiserver-to-kubelet-ca-bundle)..."
time="2025-09-17T22:32:03-04:00" level=debug msg="  Loading Certificate (kube-apiserver-to-kubelet-client)..."
time="2025-09-17T22:32:03-04:00" level=debug msg="    Loading Certificate (kube-apiserver-to-kubelet-signer)..."
time="2025-09-17T22:32:03-04:00" level=debug msg="  Loading Certificate (kube-apiserver-to-kubelet-signer)..."
time="2025-09-17T22:32:03-04:00" level=debug msg="  Loading Certificate (kube-control-plane-ca-bundle)..."
time="2025-09-17T22:32:03-04:00" level=debug msg="  Loading Certificate (kube-control-plane-kube-controller-manager-client)..."
time="2025-09-17T22:32:03-04:00" level=debug msg="    Loading Certificate (kube-control-plane-signer)..."
time="2025-09-17T22:32:03-04:00" level=debug msg="  Loading Certificate (kube-control-plane-kube-scheduler-client)..."
time="2025-09-17T22:32:03-04:00" level=debug msg="    Loading Certificate (kube-control-plane-signer)..."
time="2025-09-17T22:32:03-04:00" level=debug msg="  Loading Certificate (kube-control-plane-signer)..."
time="2025-09-17T22:32:03-04:00" level=debug msg="  Loading Certificate (kubelet-bootstrap-kubeconfig-ca-bundle)..."
time="2025-09-17T22:32:03-04:00" level=debug msg="  Loading Certificate (kubelet-client-ca-bundle)..."
time="2025-09-17T22:32:03-04:00" level=debug msg="  Loading Certificate (kubelet-client)..."
time="2025-09-17T22:32:03-04:00" level=debug msg="  Loading Certificate (kubelet-signer)..."
time="2025-09-17T22:32:03-04:00" level=debug msg="  Loading Certificate (kubelet-serving-ca-bundle)..."
time="2025-09-17T22:32:03-04:00" level=debug msg="    Loading Certificate (kubelet-signer)..."
time="2025-09-17T22:32:03-04:00" level=debug msg="  Loading Certificate (mcs)..."
time="2025-09-17T22:32:03-04:00" level=debug msg="  Loading Machine Config Server Root CA..."
time="2025-09-17T22:32:03-04:00" level=debug msg="  Loading Key Pair (service-account.pub)..."
time="2025-09-17T22:32:03-04:00" level=debug msg="  Loading Certificate (ironic virtual media TLS)..."
time="2025-09-17T22:32:03-04:00" level=debug msg="    Loading Install Config..."
time="2025-09-17T22:32:03-04:00" level=debug msg="  Loading Release Image Pull Spec..."
time="2025-09-17T22:32:03-04:00" level=debug msg="  Loading Image..."
time="2025-09-17T22:32:03-04:00" level=debug msg="  Fetching Ironic bootstrap credentials..."
time="2025-09-17T22:32:03-04:00" level=debug msg="  Generating Ironic bootstrap credentials..."
time="2025-09-17T22:32:03-04:00" level=debug msg="  Fetching CVO Ignore..."
time="2025-09-17T22:32:03-04:00" level=debug msg="    Fetching Common Manifests..."
time="2025-09-17T22:32:03-04:00" level=debug msg="      Fetching Cluster ID..."
time="2025-09-17T22:32:03-04:00" level=debug msg="        Fetching Install Config..."
time="2025-09-17T22:32:03-04:00" level=debug msg="        Reusing previously-fetched Install Config"
time="2025-09-17T22:32:03-04:00" level=debug msg="      Generating Cluster ID..."
time="2025-09-17T22:32:03-04:00" level=debug msg="      Fetching Install Config..."
time="2025-09-17T22:32:03-04:00" level=debug msg="      Reusing previously-fetched Install Config"
time="2025-09-17T22:32:03-04:00" level=debug msg="      Fetching Ingress Config..."
time="2025-09-17T22:32:03-04:00" level=debug msg="        Fetching Install Config..."
time="2025-09-17T22:32:03-04:00" level=debug msg="        Reusing previously-fetched Install Config"
time="2025-09-17T22:32:03-04:00" level=debug msg="      Generating Ingress Config..."
time="2025-09-17T22:32:03-04:00" level=debug msg="      Fetching DNS Config..."
time="2025-09-17T22:32:03-04:00" level=debug msg="        Fetching Install Config..."
time="2025-09-17T22:32:03-04:00" level=debug msg="        Reusing previously-fetched Install Config"
time="2025-09-17T22:32:03-04:00" level=debug msg="        Fetching Cluster ID..."
time="2025-09-17T22:32:03-04:00" level=debug msg="        Reusing previously-fetched Cluster ID"
time="2025-09-17T22:32:03-04:00" level=debug msg="        Fetching Platform Credentials Check..."
time="2025-09-17T22:32:03-04:00" level=debug msg="          Fetching Install Config..."
time="2025-09-17T22:32:03-04:00" level=debug msg="          Reusing previously-fetched Install Config"
time="2025-09-17T22:32:03-04:00" level=debug msg="        Generating Platform Credentials Check..."
time="2025-09-17T22:32:03-04:00" level=debug msg="      Generating DNS Config..."
time="2025-09-17T22:32:03-04:00" level=debug msg="      Fetching Infrastructure Config..."
time="2025-09-17T22:32:03-04:00" level=debug msg="        Fetching Cluster ID..."
time="2025-09-17T22:32:03-04:00" level=debug msg="        Reusing previously-fetched Cluster ID"
time="2025-09-17T22:32:03-04:00" level=debug msg="        Fetching Install Config..."
time="2025-09-17T22:32:03-04:00" level=debug msg="        Reusing previously-fetched Install Config"
time="2025-09-17T22:32:03-04:00" level=debug msg="        Fetching Cloud Provider Config..."
time="2025-09-17T22:32:03-04:00" level=debug msg="          Fetching Install Config..."
time="2025-09-17T22:32:03-04:00" level=debug msg="          Reusing previously-fetched Install Config"
time="2025-09-17T22:32:03-04:00" level=debug msg="          Fetching Cluster ID..."
time="2025-09-17T22:32:03-04:00" level=debug msg="          Reusing previously-fetched Cluster ID"
time="2025-09-17T22:32:03-04:00" level=debug msg="          Fetching Platform Credentials Check..."
time="2025-09-17T22:32:03-04:00" level=debug msg="          Reusing previously-fetched Platform Credentials Check"
time="2025-09-17T22:32:03-04:00" level=debug msg="        Generating Cloud Provider Config..."
time="2025-09-17T22:32:03-04:00" level=debug msg="        Fetching Additional Trust Bundle Config..."
time="2025-09-17T22:32:03-04:00" level=debug msg="          Fetching Install Config..."
time="2025-09-17T22:32:03-04:00" level=debug msg="          Reusing previously-fetched Install Config"
time="2025-09-17T22:32:03-04:00" level=debug msg="        Generating Additional Trust Bundle Config..."
time="2025-09-17T22:32:03-04:00" level=debug msg="      Generating Infrastructure Config..."
time="2025-09-17T22:32:03-04:00" level=debug msg="      Fetching Network Config..."
time="2025-09-17T22:32:03-04:00" level=debug msg="        Fetching Install Config..."
time="2025-09-17T22:32:03-04:00" level=debug msg="        Reusing previously-fetched Install Config"
time="2025-09-17T22:32:03-04:00" level=debug msg="      Generating Network Config..."
time="2025-09-17T22:32:03-04:00" level=debug msg="      Fetching Proxy Config..."
time="2025-09-17T22:32:03-04:00" level=debug msg="        Fetching Install Config..."
time="2025-09-17T22:32:03-04:00" level=debug msg="        Reusing previously-fetched Install Config"
time="2025-09-17T22:32:03-04:00" level=debug msg="        Fetching Network Config..."
time="2025-09-17T22:32:03-04:00" level=debug msg="        Reusing previously-fetched Network Config"
time="2025-09-17T22:32:03-04:00" level=debug msg="      Generating Proxy Config..."
time="2025-09-17T22:32:03-04:00" level=debug msg="      Fetching Scheduler Config..."
time="2025-09-17T22:32:03-04:00" level=debug msg="        Fetching Install Config..."
time="2025-09-17T22:32:03-04:00" level=debug msg="        Reusing previously-fetched Install Config"
time="2025-09-17T22:32:03-04:00" level=debug msg="      Generating Scheduler Config..."
time="2025-09-17T22:32:03-04:00" level=warning msg="Making control-plane schedulable by setting MastersSchedulable to true for Scheduler cluster settings"
time="2025-09-17T22:32:03-04:00" level=debug msg="      Fetching Image Content Source Policy..."
time="2025-09-17T22:32:03-04:00" level=debug msg="        Fetching Install Config..."
time="2025-09-17T22:32:03-04:00" level=debug msg="        Reusing previously-fetched Install Config"
time="2025-09-17T22:32:03-04:00" level=debug msg="      Generating Image Content Source Policy..."
time="2025-09-17T22:32:03-04:00" level=debug msg="      Fetching Cluster CSI Driver Config..."
time="2025-09-17T22:32:03-04:00" level=debug msg="        Fetching Install Config..."
time="2025-09-17T22:32:03-04:00" level=debug msg="        Reusing previously-fetched Install Config"
time="2025-09-17T22:32:03-04:00" level=debug msg="        Fetching Cluster ID..."
time="2025-09-17T22:32:03-04:00" level=debug msg="        Reusing previously-fetched Cluster ID"
time="2025-09-17T22:32:03-04:00" level=debug msg="      Generating Cluster CSI Driver Config..."
time="2025-09-17T22:32:03-04:00" level=debug msg="      Fetching Image Digest Mirror Set..."
time="2025-09-17T22:32:03-04:00" level=debug msg="        Fetching Install Config..."
time="2025-09-17T22:32:03-04:00" level=debug msg="        Reusing previously-fetched Install Config"
time="2025-09-17T22:32:03-04:00" level=debug msg="      Generating Image Digest Mirror Set..."
time="2025-09-17T22:32:03-04:00" level=debug msg="      Fetching Machine Config Server Root CA..."
time="2025-09-17T22:32:03-04:00" level=debug msg="      Reusing previously-fetched Machine Config Server Root CA"
time="2025-09-17T22:32:03-04:00" level=debug msg="      Fetching Certificate (mcs)..."
time="2025-09-17T22:32:03-04:00" level=debug msg="        Fetching Machine Config Server Root CA..."
time="2025-09-17T22:32:03-04:00" level=debug msg="        Reusing previously-fetched Machine Config Server Root CA"
time="2025-09-17T22:32:03-04:00" level=debug msg="        Fetching Install Config..."
time="2025-09-17T22:32:03-04:00" level=debug msg="        Reusing previously-fetched Install Config"
time="2025-09-17T22:32:03-04:00" level=debug msg="      Generating Certificate (mcs)..."
time="2025-09-17T22:32:03-04:00" level=debug msg="      Fetching CVOOverrides..."
time="2025-09-17T22:32:03-04:00" level=debug msg="      Generating CVOOverrides..."
time="2025-09-17T22:32:03-04:00" level=debug msg="      Fetching KubeCloudConfig..."
time="2025-09-17T22:32:03-04:00" level=debug msg="      Generating KubeCloudConfig..."
time="2025-09-17T22:32:03-04:00" level=debug msg="      Fetching KubeSystemConfigmapRootCA..."
time="2025-09-17T22:32:03-04:00" level=debug msg="      Generating KubeSystemConfigmapRootCA..."
time="2025-09-17T22:32:03-04:00" level=debug msg="      Fetching MachineConfigServerTLSSecret..."
time="2025-09-17T22:32:03-04:00" level=debug msg="      Generating MachineConfigServerTLSSecret..."
time="2025-09-17T22:32:03-04:00" level=debug msg="      Fetching OpenshiftConfigSecretPullSecret..."
time="2025-09-17T22:32:03-04:00" level=debug msg="      Generating OpenshiftConfigSecretPullSecret..."
time="2025-09-17T22:32:03-04:00" level=debug msg="    Generating Common Manifests..."
time="2025-09-17T22:32:03-04:00" level=debug msg="    Fetching Openshift Manifests..."
time="2025-09-17T22:32:03-04:00" level=debug msg="      Fetching Install Config..."
time="2025-09-17T22:32:03-04:00" level=debug msg="      Reusing previously-fetched Install Config"
time="2025-09-17T22:32:03-04:00" level=debug msg="      Fetching Cluster ID..."
time="2025-09-17T22:32:03-04:00" level=debug msg="      Reusing previously-fetched Cluster ID"
time="2025-09-17T22:32:03-04:00" level=debug msg="      Fetching Kubeadmin Password..."
time="2025-09-17T22:32:03-04:00" level=debug msg="      Reusing previously-fetched Kubeadmin Password"
time="2025-09-17T22:32:03-04:00" level=debug msg="      Fetching OpenShift Install (Manifests)..."
time="2025-09-17T22:32:03-04:00" level=debug msg="      Generating OpenShift Install (Manifests)..."
time="2025-09-17T22:32:03-04:00" level=debug msg="      Fetching Feature Gate Config..."
time="2025-09-17T22:32:03-04:00" level=debug msg="        Fetching Install Config..."
time="2025-09-17T22:32:03-04:00" level=debug msg="        Reusing previously-fetched Install Config"
time="2025-09-17T22:32:03-04:00" level=debug msg="      Generating Feature Gate Config..."
time="2025-09-17T22:32:03-04:00" level=debug msg="      Fetching CloudCredsSecret..."
time="2025-09-17T22:32:03-04:00" level=debug msg="      Generating CloudCredsSecret..."
time="2025-09-17T22:32:03-04:00" level=debug msg="      Fetching KubeadminPasswordSecret..."
time="2025-09-17T22:32:03-04:00" level=debug msg="      Generating KubeadminPasswordSecret..."
time="2025-09-17T22:32:03-04:00" level=debug msg="      Fetching RoleCloudCredsSecretReader..."
time="2025-09-17T22:32:03-04:00" level=debug msg="      Generating RoleCloudCredsSecretReader..."
time="2025-09-17T22:32:03-04:00" level=debug msg="      Fetching Baremetal Config CR..."
time="2025-09-17T22:32:03-04:00" level=debug msg="      Generating Baremetal Config CR..."
time="2025-09-17T22:32:03-04:00" level=debug msg="      Fetching Image..."
time="2025-09-17T22:32:03-04:00" level=debug msg="        Fetching Install Config..."
time="2025-09-17T22:32:03-04:00" level=debug msg="        Reusing previously-fetched Install Config"
time="2025-09-17T22:32:03-04:00" level=debug msg="      Generating Image..."
time="2025-09-17T22:32:03-04:00" level=debug msg="      Fetching AzureCloudProviderSecret..."
time="2025-09-17T22:32:03-04:00" level=debug msg="      Generating AzureCloudProviderSecret..."
time="2025-09-17T22:32:03-04:00" level=debug msg="    Generating Openshift Manifests..."
time="2025-09-17T22:32:03-04:00" level=debug msg="  Generating CVO Ignore..."
time="2025-09-17T22:32:03-04:00" level=debug msg="  Fetching Install Config..."
time="2025-09-17T22:32:03-04:00" level=debug msg="  Reusing previously-fetched Install Config"
time="2025-09-17T22:32:03-04:00" level=debug msg="  Fetching Cluster ID..."
time="2025-09-17T22:32:03-04:00" level=debug msg="  Reusing previously-fetched Cluster ID"
time="2025-09-17T22:32:03-04:00" level=debug msg="  Fetching Kubeconfig Admin Internal Client..."
time="2025-09-17T22:32:03-04:00" level=debug msg="    Fetching Certificate (admin-kubeconfig-client)..."
time="2025-09-17T22:32:03-04:00" level=debug msg="    Reusing previously-fetched Certificate (admin-kubeconfig-client)"
time="2025-09-17T22:32:03-04:00" level=debug msg="    Fetching Certificate (kube-apiserver-complete-server-ca-bundle)..."
time="2025-09-17T22:32:03-04:00" level=debug msg="    Reusing previously-fetched Certificate (kube-apiserver-complete-server-ca-bundle)"
time="2025-09-17T22:32:03-04:00" level=debug msg="    Fetching Install Config..."
time="2025-09-17T22:32:03-04:00" level=debug msg="    Reusing previously-fetched Install Config"
time="2025-09-17T22:32:03-04:00" level=debug msg="  Generating Kubeconfig Admin Internal Client..."
time="2025-09-17T22:32:03-04:00" level=debug msg="  Fetching Kubeconfig Kubelet..."
time="2025-09-17T22:32:03-04:00" level=debug msg="    Fetching Certificate (kube-apiserver-complete-server-ca-bundle)..."
time="2025-09-17T22:32:03-04:00" level=debug msg="    Reusing previously-fetched Certificate (kube-apiserver-complete-server-ca-bundle)"
time="2025-09-17T22:32:03-04:00" level=debug msg="    Fetching Certificate (kubelet-client)..."
time="2025-09-17T22:32:03-04:00" level=debug msg="      Fetching Certificate (kubelet-bootstrap-kubeconfig-signer)..."
time="2025-09-17T22:32:03-04:00" level=debug msg="      Generating Certificate (kubelet-bootstrap-kubeconfig-signer)..."
time="2025-09-17T22:32:03-04:00" level=debug msg="    Generating Certificate (kubelet-client)..."
time="2025-09-17T22:32:03-04:00" level=debug msg="    Fetching Install Config..."
time="2025-09-17T22:32:03-04:00" level=debug msg="    Reusing previously-fetched Install Config"
time="2025-09-17T22:32:03-04:00" level=debug msg="  Generating Kubeconfig Kubelet..."
time="2025-09-17T22:32:03-04:00" level=debug msg="  Fetching Kubeconfig Admin Client (Loopback)..."
time="2025-09-17T22:32:03-04:00" level=debug msg="    Fetching Certificate (admin-kubeconfig-client)..."
time="2025-09-17T22:32:03-04:00" level=debug msg="    Reusing previously-fetched Certificate (admin-kubeconfig-client)"
time="2025-09-17T22:32:03-04:00" level=debug msg="    Fetching Certificate (kube-apiserver-localhost-ca-bundle)..."
time="2025-09-17T22:32:03-04:00" level=debug msg="    Reusing previously-fetched Certificate (kube-apiserver-localhost-ca-bundle)"
time="2025-09-17T22:32:03-04:00" level=debug msg="    Fetching Install Config..."
time="2025-09-17T22:32:03-04:00" level=debug msg="    Reusing previously-fetched Install Config"
time="2025-09-17T22:32:03-04:00" level=debug msg="  Generating Kubeconfig Admin Client (Loopback)..."
time="2025-09-17T22:32:03-04:00" level=debug msg="  Fetching Master Ignition Customization Check..."
time="2025-09-17T22:32:03-04:00" level=debug msg="    Fetching Install Config..."
time="2025-09-17T22:32:03-04:00" level=debug msg="    Reusing previously-fetched Install Config"
time="2025-09-17T22:32:03-04:00" level=debug msg="    Fetching Machine Config Server Root CA..."
time="2025-09-17T22:32:03-04:00" level=debug msg="    Reusing previously-fetched Machine Config Server Root CA"
time="2025-09-17T22:32:03-04:00" level=debug msg="    Fetching Master Ignition Config..."
time="2025-09-17T22:32:03-04:00" level=debug msg="    Reusing previously-fetched Master Ignition Config"
time="2025-09-17T22:32:03-04:00" level=debug msg="  Generating Master Ignition Customization Check..."
time="2025-09-17T22:32:03-04:00" level=debug msg="  Fetching Worker Ignition Customization Check..."
time="2025-09-17T22:32:03-04:00" level=debug msg="    Fetching Install Config..."
time="2025-09-17T22:32:03-04:00" level=debug msg="    Reusing previously-fetched Install Config"
time="2025-09-17T22:32:03-04:00" level=debug msg="    Fetching Machine Config Server Root CA..."
time="2025-09-17T22:32:03-04:00" level=debug msg="    Reusing previously-fetched Machine Config Server Root CA"
time="2025-09-17T22:32:03-04:00" level=debug msg="    Fetching Worker Ignition Config..."
time="2025-09-17T22:32:03-04:00" level=debug msg="    Reusing previously-fetched Worker Ignition Config"
time="2025-09-17T22:32:03-04:00" level=debug msg="  Generating Worker Ignition Customization Check..."
time="2025-09-17T22:32:03-04:00" level=debug msg="  Fetching Master Machines..."
time="2025-09-17T22:32:03-04:00" level=debug msg="    Fetching Cluster ID..."
time="2025-09-17T22:32:03-04:00" level=debug msg="    Reusing previously-fetched Cluster ID"
time="2025-09-17T22:32:03-04:00" level=debug msg="    Fetching Platform Credentials Check..."
time="2025-09-17T22:32:03-04:00" level=debug msg="    Reusing previously-fetched Platform Credentials Check"
time="2025-09-17T22:32:03-04:00" level=debug msg="    Fetching Install Config..."
time="2025-09-17T22:32:03-04:00" level=debug msg="    Reusing previously-fetched Install Config"
time="2025-09-17T22:32:03-04:00" level=debug msg="    Fetching Image..."
time="2025-09-17T22:32:03-04:00" level=debug msg="    Reusing previously-fetched Image"
time="2025-09-17T22:32:03-04:00" level=debug msg="    Fetching Master Ignition Config..."
time="2025-09-17T22:32:03-04:00" level=debug msg="    Reusing previously-fetched Master Ignition Config"
time="2025-09-17T22:32:03-04:00" level=debug msg="  Generating Master Machines..."
time="2025-09-17T22:32:03-04:00" level=debug msg="  Fetching Worker Machines..."
time="2025-09-17T22:32:03-04:00" level=debug msg="    Fetching Cluster ID..."
time="2025-09-17T22:32:03-04:00" level=debug msg="    Reusing previously-fetched Cluster ID"
time="2025-09-17T22:32:03-04:00" level=debug msg="    Fetching Platform Credentials Check..."
time="2025-09-17T22:32:03-04:00" level=debug msg="    Reusing previously-fetched Platform Credentials Check"
time="2025-09-17T22:32:03-04:00" level=debug msg="    Fetching Install Config..."
time="2025-09-17T22:32:03-04:00" level=debug msg="    Reusing previously-fetched Install Config"
time="2025-09-17T22:32:03-04:00" level=debug msg="    Fetching Image..."
time="2025-09-17T22:32:03-04:00" level=debug msg="    Reusing previously-fetched Image"
time="2025-09-17T22:32:03-04:00" level=debug msg="    Fetching Release..."
time="2025-09-17T22:32:03-04:00" level=debug msg="      Fetching Install Config..."
time="2025-09-17T22:32:03-04:00" level=debug msg="      Reusing previously-fetched Install Config"
time="2025-09-17T22:32:03-04:00" level=debug msg="    Generating Release..."
time="2025-09-17T22:32:03-04:00" level=debug msg="    Fetching Worker Ignition Config..."
time="2025-09-17T22:32:03-04:00" level=debug msg="    Reusing previously-fetched Worker Ignition Config"
time="2025-09-17T22:32:03-04:00" level=debug msg="  Generating Worker Machines..."
time="2025-09-17T22:32:03-04:00" level=debug msg="  Fetching Common Manifests..."
time="2025-09-17T22:32:03-04:00" level=debug msg="  Reusing previously-fetched Common Manifests"
time="2025-09-17T22:32:03-04:00" level=debug msg="  Fetching Openshift Manifests..."
time="2025-09-17T22:32:03-04:00" level=debug msg="  Reusing previously-fetched Openshift Manifests"
time="2025-09-17T22:32:03-04:00" level=debug msg="  Fetching Proxy Config..."
time="2025-09-17T22:32:03-04:00" level=debug msg="  Reusing previously-fetched Proxy Config"
time="2025-09-17T22:32:03-04:00" level=debug msg="  Fetching Certificate (admin-kubeconfig-ca-bundle)..."
time="2025-09-17T22:32:03-04:00" level=debug msg="    Fetching Certificate (admin-kubeconfig-signer)..."
time="2025-09-17T22:32:03-04:00" level=debug msg="    Reusing previously-fetched Certificate (admin-kubeconfig-signer)"
time="2025-09-17T22:32:03-04:00" level=debug msg="  Generating Certificate (admin-kubeconfig-ca-bundle)..."
time="2025-09-17T22:32:03-04:00" level=debug msg="  Fetching Certificate (aggregator)..."
time="2025-09-17T22:32:03-04:00" level=debug msg="  Generating Certificate (aggregator)..."
time="2025-09-17T22:32:03-04:00" level=debug msg="  Fetching Certificate (aggregator-ca-bundle)..."
time="2025-09-17T22:32:03-04:00" level=debug msg="    Fetching Certificate (aggregator-signer)..."
time="2025-09-17T22:32:03-04:00" level=debug msg="    Generating Certificate (aggregator-signer)..."
time="2025-09-17T22:32:03-04:00" level=debug msg="  Generating Certificate (aggregator-ca-bundle)..."
time="2025-09-17T22:32:03-04:00" level=debug msg="  Fetching Certificate (system:kube-apiserver-proxy)..."
time="2025-09-17T22:32:03-04:00" level=debug msg="    Fetching Certificate (aggregator-signer)..."
time="2025-09-17T22:32:03-04:00" level=debug msg="    Reusing previously-fetched Certificate (aggregator-signer)"
time="2025-09-17T22:32:03-04:00" level=debug msg="  Generating Certificate (system:kube-apiserver-proxy)..."
time="2025-09-17T22:32:03-04:00" level=debug msg="  Fetching Certificate (aggregator-signer)..."
time="2025-09-17T22:32:03-04:00" level=debug msg="  Reusing previously-fetched Certificate (aggregator-signer)"
time="2025-09-17T22:32:03-04:00" level=debug msg="  Fetching Certificate (system:kube-apiserver-proxy)..."
time="2025-09-17T22:32:03-04:00" level=debug msg="    Fetching Certificate (aggregator)..."
time="2025-09-17T22:32:03-04:00" level=debug msg="    Reusing previously-fetched Certificate (aggregator)"
time="2025-09-17T22:32:03-04:00" level=debug msg="  Generating Certificate (system:kube-apiserver-proxy)..."
time="2025-09-17T22:32:03-04:00" level=debug msg="  Fetching Bootstrap SSH Key Pair..."
time="2025-09-17T22:32:03-04:00" level=debug msg="  Generating Bootstrap SSH Key Pair..."
time="2025-09-17T22:32:04-04:00" level=debug msg="  Fetching User-provided Service Account Signing key..."
time="2025-09-17T22:32:04-04:00" level=debug msg="  Generating User-provided Service Account Signing key..."
time="2025-09-17T22:32:04-04:00" level=debug msg="  Fetching Cloud Provider CA Bundle..."
time="2025-09-17T22:32:04-04:00" level=debug msg="    Fetching Install Config..."
time="2025-09-17T22:32:04-04:00" level=debug msg="    Reusing previously-fetched Install Config"
time="2025-09-17T22:32:04-04:00" level=debug msg="  Generating Cloud Provider CA Bundle..."
time="2025-09-17T22:32:04-04:00" level=debug msg="  Fetching Certificate (journal-gatewayd)..."
time="2025-09-17T22:32:04-04:00" level=debug msg="    Fetching Machine Config Server Root CA..."
time="2025-09-17T22:32:04-04:00" level=debug msg="    Reusing previously-fetched Machine Config Server Root CA"
time="2025-09-17T22:32:04-04:00" level=debug msg="  Generating Certificate (journal-gatewayd)..."
time="2025-09-17T22:32:04-04:00" level=debug msg="  Fetching Certificate (kube-apiserver-lb-ca-bundle)..."
time="2025-09-17T22:32:04-04:00" level=debug msg="  Reusing previously-fetched Certificate (kube-apiserver-lb-ca-bundle)"
time="2025-09-17T22:32:04-04:00" level=debug msg="  Fetching Certificate (kube-apiserver-external-lb-server)..."
time="2025-09-17T22:32:04-04:00" level=debug msg="    Fetching Certificate (kube-apiserver-lb-signer)..."
time="2025-09-17T22:32:04-04:00" level=debug msg="    Reusing previously-fetched Certificate (kube-apiserver-lb-signer)"
time="2025-09-17T22:32:04-04:00" level=debug msg="    Fetching Install Config..."
time="2025-09-17T22:32:04-04:00" level=debug msg="    Reusing previously-fetched Install Config"
time="2025-09-17T22:32:04-04:00" level=debug msg="  Generating Certificate (kube-apiserver-external-lb-server)..."
time="2025-09-17T22:32:04-04:00" level=debug msg="  Fetching Certificate (kube-apiserver-internal-lb-server)..."
time="2025-09-17T22:32:04-04:00" level=debug msg="    Fetching Certificate (kube-apiserver-lb-signer)..."
time="2025-09-17T22:32:04-04:00" level=debug msg="    Reusing previously-fetched Certificate (kube-apiserver-lb-signer)"
time="2025-09-17T22:32:04-04:00" level=debug msg="    Fetching Install Config..."
time="2025-09-17T22:32:04-04:00" level=debug msg="    Reusing previously-fetched Install Config"
time="2025-09-17T22:32:04-04:00" level=debug msg="  Generating Certificate (kube-apiserver-internal-lb-server)..."
time="2025-09-17T22:32:04-04:00" level=debug msg="  Fetching Certificate (kube-apiserver-lb-signer)..."
time="2025-09-17T22:32:04-04:00" level=debug msg="  Reusing previously-fetched Certificate (kube-apiserver-lb-signer)"
time="2025-09-17T22:32:04-04:00" level=debug msg="  Fetching Certificate (kube-apiserver-localhost-ca-bundle)..."
time="2025-09-17T22:32:04-04:00" level=debug msg="  Reusing previously-fetched Certificate (kube-apiserver-localhost-ca-bundle)"
time="2025-09-17T22:32:04-04:00" level=debug msg="  Fetching Certificate (kube-apiserver-localhost-server)..."
time="2025-09-17T22:32:04-04:00" level=debug msg="    Fetching Certificate (kube-apiserver-localhost-signer)..."
time="2025-09-17T22:32:04-04:00" level=debug msg="    Reusing previously-fetched Certificate (kube-apiserver-localhost-signer)"
time="2025-09-17T22:32:04-04:00" level=debug msg="  Generating Certificate (kube-apiserver-localhost-server)..."
time="2025-09-17T22:32:04-04:00" level=debug msg="  Fetching Certificate (kube-apiserver-localhost-signer)..."
time="2025-09-17T22:32:04-04:00" level=debug msg="  Reusing previously-fetched Certificate (kube-apiserver-localhost-signer)"
time="2025-09-17T22:32:04-04:00" level=debug msg="  Fetching Certificate (kube-apiserver-service-network-ca-bundle)..."
time="2025-09-17T22:32:04-04:00" level=debug msg="  Reusing previously-fetched Certificate (kube-apiserver-service-network-ca-bundle)"
time="2025-09-17T22:32:04-04:00" level=debug msg="  Fetching Certificate (kube-apiserver-service-network-server)..."
time="2025-09-17T22:32:04-04:00" level=debug msg="    Fetching Certificate (kube-apiserver-service-network-signer)..."
time="2025-09-17T22:32:04-04:00" level=debug msg="    Reusing previously-fetched Certificate (kube-apiserver-service-network-signer)"
time="2025-09-17T22:32:04-04:00" level=debug msg="    Fetching Install Config..."
time="2025-09-17T22:32:04-04:00" level=debug msg="    Reusing previously-fetched Install Config"
time="2025-09-17T22:32:04-04:00" level=debug msg="  Generating Certificate (kube-apiserver-service-network-server)..."
time="2025-09-17T22:32:04-04:00" level=debug msg="  Fetching Certificate (kube-apiserver-service-network-signer)..."
time="2025-09-17T22:32:04-04:00" level=debug msg="  Reusing previously-fetched Certificate (kube-apiserver-service-network-signer)"
time="2025-09-17T22:32:04-04:00" level=debug msg="  Fetching Certificate (kube-apiserver-complete-server-ca-bundle)..."
time="2025-09-17T22:32:04-04:00" level=debug msg="  Reusing previously-fetched Certificate (kube-apiserver-complete-server-ca-bundle)"
time="2025-09-17T22:32:04-04:00" level=debug msg="  Fetching Certificate (kube-apiserver-complete-client-ca-bundle)..."
time="2025-09-17T22:32:04-04:00" level=debug msg="    Fetching Certificate (admin-kubeconfig-ca-bundle)..."
time="2025-09-17T22:32:04-04:00" level=debug msg="    Reusing previously-fetched Certificate (admin-kubeconfig-ca-bundle)"
time="2025-09-17T22:32:04-04:00" level=debug msg="    Fetching Certificate (kubelet-client-ca-bundle)..."
time="2025-09-17T22:32:04-04:00" level=debug msg="      Fetching Certificate (kubelet-signer)..."
time="2025-09-17T22:32:04-04:00" level=debug msg="      Generating Certificate (kubelet-signer)..."
time="2025-09-17T22:32:04-04:00" level=debug msg="    Generating Certificate (kubelet-client-ca-bundle)..."
time="2025-09-17T22:32:04-04:00" level=debug msg="    Fetching Certificate (kube-control-plane-ca-bundle)..."
time="2025-09-17T22:32:04-04:00" level=debug msg="      Fetching Certificate (kube-control-plane-signer)..."
time="2025-09-17T22:32:04-04:00" level=debug msg="      Generating Certificate (kube-control-plane-signer)..."
time="2025-09-17T22:32:05-04:00" level=debug msg="      Fetching Certificate (kube-apiserver-lb-signer)..."
time="2025-09-17T22:32:05-04:00" level=debug msg="      Reusing previously-fetched Certificate (kube-apiserver-lb-signer)"
time="2025-09-17T22:32:05-04:00" level=debug msg="      Fetching Certificate (kube-apiserver-localhost-signer)..."
time="2025-09-17T22:32:05-04:00" level=debug msg="      Reusing previously-fetched Certificate (kube-apiserver-localhost-signer)"
time="2025-09-17T22:32:05-04:00" level=debug msg="      Fetching Certificate (kube-apiserver-service-network-signer)..."
time="2025-09-17T22:32:05-04:00" level=debug msg="      Reusing previously-fetched Certificate (kube-apiserver-service-network-signer)"
time="2025-09-17T22:32:05-04:00" level=debug msg="    Generating Certificate (kube-control-plane-ca-bundle)..."
time="2025-09-17T22:32:05-04:00" level=debug msg="    Fetching Certificate (kube-apiserver-to-kubelet-ca-bundle)..."
time="2025-09-17T22:32:05-04:00" level=debug msg="      Fetching Certificate (kube-apiserver-to-kubelet-signer)..."
time="2025-09-17T22:32:05-04:00" level=debug msg="      Generating Certificate (kube-apiserver-to-kubelet-signer)..."
time="2025-09-17T22:32:05-04:00" level=debug msg="    Generating Certificate (kube-apiserver-to-kubelet-ca-bundle)..."
time="2025-09-17T22:32:05-04:00" level=debug msg="    Fetching Certificate (kubelet-bootstrap-kubeconfig-ca-bundle)..."
time="2025-09-17T22:32:05-04:00" level=debug msg="      Fetching Certificate (kubelet-bootstrap-kubeconfig-signer)..."
time="2025-09-17T22:32:05-04:00" level=debug msg="      Reusing previously-fetched Certificate (kubelet-bootstrap-kubeconfig-signer)"
time="2025-09-17T22:32:05-04:00" level=debug msg="    Generating Certificate (kubelet-bootstrap-kubeconfig-ca-bundle)..."
time="2025-09-17T22:32:05-04:00" level=debug msg="  Generating Certificate (kube-apiserver-complete-client-ca-bundle)..."
time="2025-09-17T22:32:05-04:00" level=debug msg="  Fetching Certificate (kube-apiserver-to-kubelet-ca-bundle)..."
time="2025-09-17T22:32:05-04:00" level=debug msg="  Reusing previously-fetched Certificate (kube-apiserver-to-kubelet-ca-bundle)"
time="2025-09-17T22:32:05-04:00" level=debug msg="  Fetching Certificate (kube-apiserver-to-kubelet-client)..."
time="2025-09-17T22:32:05-04:00" level=debug msg="    Fetching Certificate (kube-apiserver-to-kubelet-signer)..."
time="2025-09-17T22:32:05-04:00" level=debug msg="    Reusing previously-fetched Certificate (kube-apiserver-to-kubelet-signer)"
time="2025-09-17T22:32:05-04:00" level=debug msg="  Generating Certificate (kube-apiserver-to-kubelet-client)..."
time="2025-09-17T22:32:05-04:00" level=debug msg="  Fetching Certificate (kube-apiserver-to-kubelet-signer)..."
time="2025-09-17T22:32:05-04:00" level=debug msg="  Reusing previously-fetched Certificate (kube-apiserver-to-kubelet-signer)"
time="2025-09-17T22:32:05-04:00" level=debug msg="  Fetching Certificate (kube-control-plane-ca-bundle)..."
time="2025-09-17T22:32:05-04:00" level=debug msg="  Reusing previously-fetched Certificate (kube-control-plane-ca-bundle)"
time="2025-09-17T22:32:05-04:00" level=debug msg="  Fetching Certificate (kube-control-plane-kube-controller-manager-client)..."
time="2025-09-17T22:32:05-04:00" level=debug msg="    Fetching Certificate (kube-control-plane-signer)..."
time="2025-09-17T22:32:05-04:00" level=debug msg="    Reusing previously-fetched Certificate (kube-control-plane-signer)"
time="2025-09-17T22:32:05-04:00" level=debug msg="  Generating Certificate (kube-control-plane-kube-controller-manager-client)..."
time="2025-09-17T22:32:05-04:00" level=debug msg="  Fetching Certificate (kube-control-plane-kube-scheduler-client)..."
time="2025-09-17T22:32:05-04:00" level=debug msg="    Fetching Certificate (kube-control-plane-signer)..."
time="2025-09-17T22:32:05-04:00" level=debug msg="    Reusing previously-fetched Certificate (kube-control-plane-signer)"
time="2025-09-17T22:32:05-04:00" level=debug msg="  Generating Certificate (kube-control-plane-kube-scheduler-client)..."
time="2025-09-17T22:32:05-04:00" level=debug msg="  Fetching Certificate (kube-control-plane-signer)..."
time="2025-09-17T22:32:05-04:00" level=debug msg="  Reusing previously-fetched Certificate (kube-control-plane-signer)"
time="2025-09-17T22:32:05-04:00" level=debug msg="  Fetching Certificate (kubelet-bootstrap-kubeconfig-ca-bundle)..."
time="2025-09-17T22:32:05-04:00" level=debug msg="  Reusing previously-fetched Certificate (kubelet-bootstrap-kubeconfig-ca-bundle)"
time="2025-09-17T22:32:05-04:00" level=debug msg="  Fetching Certificate (kubelet-client-ca-bundle)..."
time="2025-09-17T22:32:05-04:00" level=debug msg="  Reusing previously-fetched Certificate (kubelet-client-ca-bundle)"
time="2025-09-17T22:32:05-04:00" level=debug msg="  Fetching Certificate (kubelet-client)..."
time="2025-09-17T22:32:05-04:00" level=debug msg="  Reusing previously-fetched Certificate (kubelet-client)"
time="2025-09-17T22:32:05-04:00" level=debug msg="  Fetching Certificate (kubelet-signer)..."
time="2025-09-17T22:32:05-04:00" level=debug msg="  Reusing previously-fetched Certificate (kubelet-signer)"
time="2025-09-17T22:32:05-04:00" level=debug msg="  Fetching Certificate (kubelet-serving-ca-bundle)..."
time="2025-09-17T22:32:05-04:00" level=debug msg="    Fetching Certificate (kubelet-signer)..."
time="2025-09-17T22:32:05-04:00" level=debug msg="    Reusing previously-fetched Certificate (kubelet-signer)"
time="2025-09-17T22:32:05-04:00" level=debug msg="  Generating Certificate (kubelet-serving-ca-bundle)..."
time="2025-09-17T22:32:05-04:00" level=debug msg="  Fetching Certificate (mcs)..."
time="2025-09-17T22:32:05-04:00" level=debug msg="  Reusing previously-fetched Certificate (mcs)"
time="2025-09-17T22:32:05-04:00" level=debug msg="  Fetching Machine Config Server Root CA..."
time="2025-09-17T22:32:05-04:00" level=debug msg="  Reusing previously-fetched Machine Config Server Root CA"
time="2025-09-17T22:32:05-04:00" level=debug msg="  Fetching Key Pair (service-account.pub)..."
time="2025-09-17T22:32:05-04:00" level=debug msg="  Generating Key Pair (service-account.pub)..."
time="2025-09-17T22:32:05-04:00" level=debug msg="  Fetching Certificate (ironic virtual media TLS)..."
time="2025-09-17T22:32:05-04:00" level=debug msg="    Fetching Install Config..."
time="2025-09-17T22:32:05-04:00" level=debug msg="    Reusing previously-fetched Install Config"
time="2025-09-17T22:32:05-04:00" level=debug msg="  Generating Certificate (ironic virtual media TLS)..."
time="2025-09-17T22:32:05-04:00" level=debug msg="  Fetching Release Image Pull Spec..."
time="2025-09-17T22:32:05-04:00" level=debug msg="  Generating Release Image Pull Spec..."
time="2025-09-17T22:32:05-04:00" level=debug msg="Using internal constant for release image quay.io/openshift-release-dev/ocp-release@sha256:2db093f063ad5310fa4e5ed2d2eda4bad5215c47092b72d1cfafbcfdbf1f4dd2"
time="2025-09-17T22:32:05-04:00" level=debug msg="  Fetching Image..."
time="2025-09-17T22:32:05-04:00" level=debug msg="  Reusing previously-fetched Image"
time="2025-09-17T22:32:05-04:00" level=debug msg="Generating Bootstrap Ignition Config..."
time="2025-09-17T22:32:05-04:00" level=debug msg="Fetching Metadata..."
time="2025-09-17T22:32:05-04:00" level=debug msg="Loading Metadata..."
time="2025-09-17T22:32:05-04:00" level=debug msg="  Loading Cluster ID..."
time="2025-09-17T22:32:05-04:00" level=debug msg="  Loading Install Config..."
time="2025-09-17T22:32:05-04:00" level=debug msg="  Loading Bootstrap Ignition Config..."
time="2025-09-17T22:32:05-04:00" level=debug msg="  Fetching Cluster ID..."
time="2025-09-17T22:32:05-04:00" level=debug msg="  Reusing previously-fetched Cluster ID"
time="2025-09-17T22:32:05-04:00" level=debug msg="  Fetching Install Config..."
time="2025-09-17T22:32:05-04:00" level=debug msg="  Reusing previously-fetched Install Config"
time="2025-09-17T22:32:05-04:00" level=debug msg="  Fetching Bootstrap Ignition Config..."
time="2025-09-17T22:32:05-04:00" level=debug msg="  Reusing previously-fetched Bootstrap Ignition Config"
time="2025-09-17T22:32:05-04:00" level=debug msg="Generating Metadata..."
time="2025-09-17T22:32:06-04:00" level=info msg="Ignition-Configs created in: /root/openshift-ansible-kvm/bare-metal and /root/openshift-ansible-kvm/bare-metal/auth"
time="2025-09-17T22:41:13-04:00" level=debug msg="OpenShift Installer 4.18.24"
time="2025-09-17T22:41:13-04:00" level=debug msg="Built from commit 3e0a54b541dcb98b09f4fe5388d873ec4986807e"
time="2025-09-17T22:41:13-04:00" level=info msg="Waiting up to 20m0s (until 11:01PM EDT) for the Kubernetes API at https://api.test.lab.local:6443..."
time="2025-09-17T22:41:13-04:00" level=debug msg="Loading Agent Config..."
time="2025-09-17T22:41:23-04:00" level=debug msg="Still waiting for the Kubernetes API: Get \"https://api.test.lab.local:6443/version\": EOF"
time="2025-09-17T22:41:33-04:00" level=debug msg="Still waiting for the Kubernetes API: Get \"https://api.test.lab.local:6443/version\": EOF - error from a previous attempt: read tcp 10.72.132.114:58796->10.72.132.114:6443: read: connection reset by peer"
time="2025-09-17T22:41:35-04:00" level=info msg="API v1.31.12 up"
time="2025-09-17T22:41:35-04:00" level=debug msg="Loading Install Config..."
time="2025-09-17T22:41:35-04:00" level=debug msg="  Loading SSH Key..."
time="2025-09-17T22:41:35-04:00" level=debug msg="  Loading Base Domain..."
time="2025-09-17T22:41:35-04:00" level=debug msg="    Loading Platform..."
time="2025-09-17T22:41:35-04:00" level=debug msg="  Loading Cluster Name..."
time="2025-09-17T22:41:35-04:00" level=debug msg="    Loading Base Domain..."
time="2025-09-17T22:41:35-04:00" level=debug msg="    Loading Platform..."
time="2025-09-17T22:41:35-04:00" level=debug msg="  Loading Pull Secret..."
time="2025-09-17T22:41:35-04:00" level=debug msg="  Loading Platform..."
time="2025-09-17T22:41:35-04:00" level=debug msg="Using Install Config loaded from state file"
time="2025-09-17T22:41:35-04:00" level=info msg="Waiting up to 45m0s (until 11:26PM EDT) for bootstrapping to complete..."
time="2025-09-17T23:26:35-04:00" level=error msg="Cluster operator authentication Degraded is True with IngressStateEndpoints_MissingSubsets::OAuthServerServiceEndpointAccessibleController_SyncError::OAuthServerServiceEndpointsEndpointAccessibleController_SyncError: IngressStateEndpointsDegraded: No subsets found for the endpoints of oauth-server\nOAuthServerServiceEndpointAccessibleControllerDegraded: Get \"https://172.30.210.35:443/healthz\": dial tcp 172.30.210.35:443: connect: connection refused\nOAuthServerServiceEndpointsEndpointAccessibleControllerDegraded: oauth service endpoints are not ready"
time="2025-09-17T23:26:35-04:00" level=error msg="Cluster operator authentication Available is False with APIServices_PreconditionNotReady::OAuthServerServiceEndpointAccessibleController_EndpointUnavailable::OAuthServerServiceEndpointsEndpointAccessibleController_ResourceNotFound: APIServicesAvailable: PreconditionNotReady\nOAuthServerServiceEndpointAccessibleControllerAvailable: Get \"https://172.30.210.35:443/healthz\": dial tcp 172.30.210.35:443: connect: connection refused\nOAuthServerServiceEndpointsEndpointAccessibleControllerAvailable: endpoints \"oauth-openshift\" not found"
time="2025-09-17T23:26:35-04:00" level=info msg="Cluster operator authentication EvaluationConditionsDetected is Unknown with NoData: "
time="2025-09-17T23:26:35-04:00" level=info msg="Cluster operator baremetal Disabled is False with : "
time="2025-09-17T23:26:35-04:00" level=info msg="Cluster operator cloud-controller-manager TrustedCABundleControllerControllerAvailable is True with AsExpected: Trusted CA Bundle Controller works as expected"
time="2025-09-17T23:26:35-04:00" level=info msg="Cluster operator cloud-controller-manager TrustedCABundleControllerControllerDegraded is False with AsExpected: Trusted CA Bundle Controller works as expected"
time="2025-09-17T23:26:35-04:00" level=info msg="Cluster operator cloud-controller-manager CloudConfigControllerAvailable is True with AsExpected: Cloud Config Controller works as expected"
time="2025-09-17T23:26:35-04:00" level=info msg="Cluster operator cloud-controller-manager CloudConfigControllerDegraded is False with AsExpected: Cloud Config Controller works as expected"
time="2025-09-17T23:26:35-04:00" level=info msg="Cluster operator config-operator EvaluationConditionsDetected is Unknown with NoData: "
time="2025-09-17T23:26:35-04:00" level=info msg="Cluster operator csi-snapshot-controller EvaluationConditionsDetected is Unknown with NoData: "
time="2025-09-17T23:26:35-04:00" level=error msg="Cluster operator etcd Degraded is True with RevisionController_SyncError: RevisionControllerDegraded: etcd cluster has quorum of 2 which is not fault tolerant: [{Member:ID:9543464106417048713 name:\"master-0\" peerURLs:\"https://172.16.0.101:2380\" clientURLs:\"https://172.16.0.101:2379\"  Healthy:true Took:2.413145ms Error:<nil>} {Member:ID:17089286215780363263 name:\"etcd-bootstrap\" peerURLs:\"https://172.16.0.100:2380\" clientURLs:\"https://172.16.0.100:2379\"  Healthy:true Took:1.621079ms Error:<nil>}]"
time="2025-09-17T23:26:35-04:00" level=info msg="Cluster operator etcd EvaluationConditionsDetected is Unknown with NoData: "
time="2025-09-17T23:26:35-04:00" level=error msg="Cluster operator ingress Available is False with IngressUnavailable: The \"default\" ingress controller reports Available=False: IngressControllerUnavailable: One or more status conditions indicate unavailable: DeploymentAvailable=False (DeploymentUnavailable: The deployment has Available status condition set to False (reason: MinimumReplicasUnavailable) with message: Deployment does not have minimum availability.)"
time="2025-09-17T23:26:35-04:00" level=info msg="Cluster operator ingress Progressing is True with Reconciling: ingresscontroller \"default\" is progressing: IngressControllerProgressing: One or more status conditions indicate progressing: DeploymentRollingOut=True (DeploymentRollingOut: Waiting for router deployment rollout to finish: 0 of 2 updated replica(s) are available...\n).\nNot all ingress controllers are available."
time="2025-09-17T23:26:35-04:00" level=error msg="Cluster operator ingress Degraded is True with IngressDegraded: The \"default\" ingress controller reports Degraded=True: DegradedConditions: One or more other status conditions indicate a degraded state: DeploymentAvailable=False (DeploymentUnavailable: The deployment has Available status condition set to False (reason: MinimumReplicasUnavailable) with message: Deployment does not have minimum availability.), DeploymentReplicasMinAvailable=False (DeploymentMinimumReplicasNotMet: 0/2 of replicas are available, max unavailable is 1: Some pods are not scheduled: Pod \"router-default-556c596d57-cccz6\" cannot be scheduled: 0/1 nodes are available: 1 node(s) didn't have free ports for the requested pod ports. preemption: 0/1 nodes are available: 1 node(s) didn't have free ports for the requested pod ports. Make sure you have sufficient worker nodes.)"
time="2025-09-17T23:26:35-04:00" level=info msg="Cluster operator ingress EvaluationConditionsDetected is False with AsExpected: "
time="2025-09-17T23:26:35-04:00" level=info msg="Cluster operator insights ClusterTransferAvailable is False with Disconnected: failed to pull cluster transfer: unable to retrieve cluster transfer data from https://api.openshift.com/api/accounts_mgmt/v1/cluster_transfers/: Get \"https://api.openshift.com/api/accounts_mgmt/v1/cluster_transfers/?search=cluster_uuid+is+%27ba0a80f2-c4f4-4ce7-a449-0204cc289e0b%27+and+status+is+%27accepted%27\": dial tcp: lookup api.openshift.com on 172.30.0.10:53: read udp 10.128.0.34:56421->172.30.0.10:53: read: connection refused"
time="2025-09-17T23:26:35-04:00" level=info msg="Cluster operator insights Disabled is False with AsExpected: "
time="2025-09-17T23:26:35-04:00" level=info msg="Cluster operator insights InsightsDownloadDegraded is True with UnexpectedError: Failed to download the latest report: the server was unable to return a response in the time allotted, but may still be processing the request (get clusterversions.config.openshift.io version)"
time="2025-09-17T23:26:35-04:00" level=info msg="Cluster operator insights RemoteConfigurationAvailable is True with AsExpected: "
time="2025-09-17T23:26:35-04:00" level=info msg="Cluster operator insights RemoteConfigurationValid is True with AsExpected: "
time="2025-09-17T23:26:35-04:00" level=info msg="Cluster operator insights SCAAvailable is False with NonHTTPError: Failed to pull SCA certs from https://api.openshift.com/api/accounts_mgmt/v1/certificates: unable to retrieve SCA certs data from https://api.openshift.com/api/accounts_mgmt/v1/certificates: Post \"https://api.openshift.com/api/accounts_mgmt/v1/certificates\": dial tcp: lookup api.openshift.com on 172.30.0.10:53: read udp 10.128.0.34:56421->172.30.0.10:53: read: connection refused"
time="2025-09-17T23:26:35-04:00" level=info msg="Cluster operator kube-apiserver EvaluationConditionsDetected is False with AsExpected: All is well"
time="2025-09-17T23:26:35-04:00" level=info msg="Cluster operator kube-controller-manager EvaluationConditionsDetected is Unknown with NoData: "
time="2025-09-17T23:26:35-04:00" level=info msg="Cluster operator kube-scheduler EvaluationConditionsDetected is Unknown with NoData: "
time="2025-09-17T23:26:35-04:00" level=info msg="Cluster operator kube-storage-version-migrator EvaluationConditionsDetected is Unknown with NoData: "
time="2025-09-17T23:26:35-04:00" level=info msg="Cluster operator machine-config EvaluationConditionsDetected is False with AsExpected: "
time="2025-09-17T23:26:35-04:00" level=error msg="Cluster operator monitoring Available is False with UpdatingPrometheusOperatorFailed: UpdatingPrometheusOperator: reconciling Prometheus Operator Admission Webhook Deployment failed: updating Deployment object failed: waiting for DeploymentRollout of openshift-monitoring/prometheus-operator-admission-webhook: context deadline exceeded: got 1 unavailable replicas"
time="2025-09-17T23:26:35-04:00" level=error msg="Cluster operator monitoring Degraded is True with UpdatingPrometheusOperatorFailed: UpdatingPrometheusOperator: reconciling Prometheus Operator Admission Webhook Deployment failed: updating Deployment object failed: waiting for DeploymentRollout of openshift-monitoring/prometheus-operator-admission-webhook: context deadline exceeded: got 1 unavailable replicas"
time="2025-09-17T23:26:35-04:00" level=info msg="Cluster operator monitoring Progressing is True with RollOutInProgress: Rolling out the stack."
time="2025-09-17T23:26:35-04:00" level=info msg="Cluster operator network ManagementStateDegraded is False with : "
time="2025-09-17T23:26:35-04:00" level=info msg="Cluster operator network Progressing is True with Deploying: Deployment \"/openshift-ovn-kubernetes/ovnkube-control-plane\" is not available (awaiting 1 nodes)"
time="2025-09-17T23:26:35-04:00" level=error msg="Cluster operator network Available is False with Startup: The network is starting up"
time="2025-09-17T23:26:35-04:00" level=error msg="Cluster operator olm Degraded is True with CatalogdClusterCatalogOpenshiftCertifiedOperators_SyncError::CatalogdClusterCatalogOpenshiftCommunityOperators_SyncError::CatalogdClusterCatalogOpenshiftRedhatMarketplace_SyncError::CatalogdClusterCatalogOpenshiftRedhatOperators_SyncError: CatalogdClusterCatalogOpenshiftCertifiedOperatorsDegraded: Internal error occurred: failed calling webhook \"inject-metadata-name.olm.operatorframework.io\": failed to call webhook: Post \"https://catalogd-service.openshift-catalogd.svc:9443/mutate-olm-operatorframework-io-v1-clustercatalog?timeout=10s\": no endpoints available for service \"catalogd-service\"\nCatalogdClusterCatalogOpenshiftCommunityOperatorsDegraded: Internal error occurred: failed calling webhook \"inject-metadata-name.olm.operatorframework.io\": failed to call webhook: Post \"https://catalogd-service.openshift-catalogd.svc:9443/mutate-olm-operatorframework-io-v1-clustercatalog?timeout=10s\": no endpoints available for service \"catalogd-service\"\nCatalogdClusterCatalogOpenshiftRedhatMarketplaceDegraded: Internal error occurred: failed calling webhook \"inject-metadata-name.olm.operatorframework.io\": failed to call webhook: Post \"https://catalogd-service.openshift-catalogd.svc:9443/mutate-olm-operatorframework-io-v1-clustercatalog?timeout=10s\": no endpoints available for service \"catalogd-service\"\nCatalogdClusterCatalogOpenshiftRedhatOperatorsDegraded: Internal error occurred: failed calling webhook \"inject-metadata-name.olm.operatorframework.io\": failed to call webhook: Post \"https://catalogd-service.openshift-catalogd.svc:9443/mutate-olm-operatorframework-io-v1-clustercatalog?timeout=10s\": no endpoints available for service \"catalogd-service\""
time="2025-09-17T23:26:35-04:00" level=info msg="Cluster operator olm Progressing is True with CatalogdDeploymentCatalogdControllerManager_Deploying::OperatorcontrollerDeploymentOperatorControllerControllerManager_Deploying: CatalogdDeploymentCatalogdControllerManagerProgressing: Waiting for Deployment to deploy pods\nOperatorcontrollerDeploymentOperatorControllerControllerManagerProgressing: Waiting for Deployment to deploy pods"
time="2025-09-17T23:26:35-04:00" level=error msg="Cluster operator olm Available is False with CatalogdDeploymentCatalogdControllerManager_Deploying::OperatorcontrollerDeploymentOperatorControllerControllerManager_Deploying: CatalogdDeploymentCatalogdControllerManagerAvailable: Waiting for Deployment\nOperatorcontrollerDeploymentOperatorControllerControllerManagerAvailable: Waiting for Deployment"
time="2025-09-17T23:26:35-04:00" level=info msg="Cluster operator olm EvaluationConditionsDetected is Unknown with NoData: "
time="2025-09-17T23:26:35-04:00" level=error msg="Cluster operator openshift-apiserver Available is False with APIServices_PreconditionNotReady: APIServicesAvailable: PreconditionNotReady"
time="2025-09-17T23:26:35-04:00" level=info msg="Cluster operator openshift-apiserver EvaluationConditionsDetected is Unknown with NoData: "
time="2025-09-17T23:26:35-04:00" level=info msg="Cluster operator openshift-controller-manager EvaluationConditionsDetected is Unknown with NoData: "
time="2025-09-17T23:26:35-04:00" level=error msg="Cluster operator operator-lifecycle-manager-packageserver Available is False with ClusterServiceVersionNotSucceeded: ClusterServiceVersion openshift-operator-lifecycle-manager/packageserver observed in phase Failed with reason: InstallCheckFailed, message: install failed: deployment packageserver not ready before timeout: deployment \"packageserver\" exceeded its progress deadline"
time="2025-09-17T23:26:35-04:00" level=info msg="Cluster operator service-ca EvaluationConditionsDetected is Unknown with NoData: "
time="2025-09-17T23:26:35-04:00" level=info msg="Cluster operator storage EvaluationConditionsDetected is Unknown with NoData: "
time="2025-09-17T23:26:35-04:00" level=info msg="Use the following commands to gather logs from the cluster"
time="2025-09-17T23:26:35-04:00" level=info msg="openshift-install gather bootstrap --help"
time="2025-09-17T23:26:35-04:00" level=error msg="Bootstrap failed to complete: timed out waiting for the condition"
time="2025-09-17T23:26:35-04:00" level=error msg="Failed to wait for bootstrapping to complete. This error usually happens when there is a problem with control plane hosts that prevents the control plane operators from creating the control plane."
